2026-05-20 14:17:18 [main] INFO  Log - Starting WebDriver...
2026-05-20 14:17:30 [main] INFO  Log - Navigating to URL...
2026-05-20 14:17:31 [main] INFO  Log - Starting login test...
2026-05-20 14:17:31 [main] INFO  Log - Starting login test...a
2026-05-20 14:17:31 [main] INFO  Log - Starting login test...b
2026-05-20 14:17:31 [main] INFO  Log - Adding credentials
2026-05-20 14:17:31 [main] INFO  Log - Clicking login button..
2026-05-20 14:17:31 [main] INFO  Log - Verifying page title
2026-05-20 14:17:31 [main] INFO  Log - Closing Browser...
2026-05-20 14:17:31 [main] INFO  Log - Starting WebDriver...
2026-05-20 14:17:32 [main] INFO  Log - Navigating to URL...
2026-05-20 14:17:33 [main] INFO  Log - Starting login test...
2026-05-20 14:17:33 [main] INFO  Log - Starting login test...a
2026-05-20 14:17:33 [main] INFO  Log - Starting login test...b
2026-05-20 14:17:33 [main] INFO  Log - Adding credentials
2026-05-20 14:17:33 [main] INFO  Log - Clicking login button..
2026-05-20 14:17:33 [main] INFO  Log - Verifying page title
2026-05-20 14:17:33 [main] INFO  Log - Closing Browser...
2026-05-20 14:17:33 [main] INFO  Log - Starting WebDriver...
2026-05-20 14:17:34 [main] INFO  Log - Navigating to URL...
2026-05-20 14:17:35 [main] INFO  Log - Starting login test...
2026-05-20 14:17:35 [main] INFO  Log - Starting login test...a
2026-05-20 14:17:35 [main] INFO  Log - Starting login test...b
2026-05-20 14:17:35 [main] INFO  Log - Adding credentials
2026-05-20 14:17:35 [main] INFO  Log - Clicking login button..
2026-05-20 14:17:35 [main] INFO  Log - Verifying page title
2026-05-20 14:17:35 [main] INFO  Log - Closing Browser...
2026-05-21 15:25:38 [main] INFO  Log - Starting WebDriver...
2026-05-21 15:25:47 [main] INFO  Log - Navigating to URL...
2026-05-21 15:25:48 [main] INFO  Log - Starting login test...
2026-05-21 15:25:48 [main] INFO  Log - Starting login test...a
2026-05-21 15:25:48 [main] INFO  Log - Starting login test...b
2026-05-21 15:25:48 [main] INFO  Log - Adding credentials
2026-05-21 15:25:49 [main] INFO  Log - Clicking login button..
2026-05-21 15:25:49 [main] INFO  Log - Verifying page title
2026-05-21 15:25:49 [main] INFO  Log - Closing Browser...
2026-05-21 15:25:49 [main] INFO  Log - Starting WebDriver...
2026-05-21 15:25:50 [main] INFO  Log - Navigating to URL...
2026-05-21 15:25:51 [main] INFO  Log - Starting login test...
2026-05-21 15:25:51 [main] INFO  Log - Starting login test...a
2026-05-21 15:25:51 [main] INFO  Log - Starting login test...b
2026-05-21 15:25:51 [main] INFO  Log - Adding credentials
2026-05-21 15:25:51 [main] INFO  Log - Clicking login button..
2026-05-21 15:25:51 [main] INFO  Log - Verifying page title
2026-05-21 15:25:51 [main] INFO  Log - Closing Browser...
2026-05-21 15:25:51 [main] INFO  Log - Starting WebDriver...
2026-05-21 15:25:52 [main] INFO  Log - Navigating to URL...
2026-05-21 15:25:52 [main] INFO  Log - Starting login test...
2026-05-21 15:25:52 [main] INFO  Log - Starting login test...a
2026-05-21 15:25:52 [main] INFO  Log - Starting login test...b
2026-05-21 15:25:52 [main] INFO  Log - Adding credentials
2026-05-21 15:25:53 [main] INFO  Log - Clicking login button..
2026-05-21 15:25:53 [main] INFO  Log - Verifying page title
2026-05-21 15:25:53 [main] INFO  Log - Closing Browser...
2026-05-21 15:30:54 [main] INFO  Log - Starting WebDriver...
2026-05-21 15:30:56 [main] INFO  Log - Navigating to URL...
2026-05-21 15:30:56 [main] INFO  Log - Starting login test...
2026-05-21 15:30:56 [main] INFO  Log - Starting login test...a
2026-05-21 15:30:56 [main] INFO  Log - Starting login test...b
2026-05-21 15:30:56 [main] INFO  Log - Adding credentials
2026-05-21 15:30:57 [main] INFO  Log - Clicking login button..
2026-05-21 15:30:57 [main] INFO  Log - Verifying page title
2026-05-21 15:30:57 [main] INFO  Log - Closing Browser...
2026-05-21 15:30:57 [main] INFO  Log - Starting WebDriver...
2026-05-21 15:30:58 [main] INFO  Log - Navigating to URL...
2026-05-21 15:30:58 [main] INFO  Log - Starting login test...
2026-05-21 15:30:58 [main] INFO  Log - Starting login test...a
2026-05-21 15:30:58 [main] INFO  Log - Starting login test...b
2026-05-21 15:30:58 [main] INFO  Log - Adding credentials
2026-05-21 15:30:59 [main] INFO  Log - Clicking login button..
2026-05-21 15:30:59 [main] INFO  Log - Verifying page title
2026-05-21 15:30:59 [main] INFO  Log - Closing Browser...
2026-05-21 15:30:59 [main] INFO  Log - Starting WebDriver...
2026-05-21 15:31:00 [main] INFO  Log - Navigating to URL...
2026-05-21 15:31:00 [main] INFO  Log - Starting login test...
2026-05-21 15:31:00 [main] INFO  Log - Starting login test...a
2026-05-21 15:31:00 [main] INFO  Log - Starting login test...b
2026-05-21 15:31:00 [main] INFO  Log - Adding credentials
2026-05-21 15:31:01 [main] INFO  Log - Clicking login button..
2026-05-21 15:31:01 [main] INFO  Log - Verifying page title
2026-05-21 15:31:01 [main] INFO  Log - Closing Browser...
